# JRE version: Java(TM) SE Runtime Environment (8.0_25-b18) (build 1.8.0_25-b18)
# Java VM: Java HotSpot(TM) 64-Bit Server VM (25.25-b02 mixed mode windows-amd64 compressed oops)
Heap:
 PSYoungGen      total 97792K, used 51279K [0x0000000781a00000, 0x0000000788c00000, 0x00000007c0000000)
  eden space 96256K, 51% used [0x0000000781a00000,0x0000000784a93d28,0x0000000787800000)
  from space 1536K, 100% used [0x0000000788180000,0x0000000788300000,0x0000000788300000)
  to   space 9728K, 0% used [0x0000000787800000,0x0000000787800000,0x0000000788180000)
 ParOldGen       total 83456K, used 13185K [0x0000000704e00000, 0x0000000709f80000, 0x0000000781a00000)
  object space 83456K, 15% used [0x0000000704e00000,0x0000000705ae0638,0x0000000709f80000)
 Metaspace       used 30087K, capacity 30468K, committed 30848K, reserved 1077248K
  class space    used 3753K, capacity 3846K, committed 3968K, reserved 1048576K
GC Heap History (10 events):
Event: 5.020 GC heap before
{Heap before GC invocations=5 (full 0):
 PSYoungGen      total 56320K, used 40376K [0x0000000781a00000, 0x0000000785880000, 0x00000007c0000000)
  eden space 48640K, 67% used [0x0000000781a00000,0x0000000783a1d2b0,0x0000000784980000)
  from space 7680K, 97% used [0x0000000785100000,0x0000000785850e30,0x0000000785880000)
  to   space 7680K, 0% used [0x0000000784980000,0x0000000784980000,0x0000000785100000)
 ParOldGen       total 128512K, used 104K [0x0000000704e00000, 0x000000070cb80000, 0x0000000781a00000)
  object space 128512K, 0% used [0x0000000704e00000,0x0000000704e1a010,0x000000070cb80000)
 Metaspace       used 20903K, capacity 21136K, committed 21296K, reserved 1069056K
  class space    used 2568K, capacity 2607K, committed 2688K, reserved 1048576K
Event: 5.030 GC heap after
Heap after GC invocations=5 (full 0):
 PSYoungGen      total 56320K, used 6930K [0x0000000781a00000, 0x0000000788a00000, 0x00000007c0000000)
  eden space 48640K, 0% used [0x0000000781a00000,0x0000000781a00000,0x0000000784980000)
  from space 7680K, 90% used [0x0000000784980000,0x0000000785044b78,0x0000000785100000)
  to   space 8704K, 0% used [0x0000000788180000,0x0000000788180000,0x0000000788a00000)
 ParOldGen       total 128512K, used 112K [0x0000000704e00000, 0x000000070cb80000, 0x0000000781a00000)
  object space 128512K, 0% used [0x0000000704e00000,0x0000000704e1c010,0x000000070cb80000)
 Metaspace       used 20903K, capacity 21136K, committed 21296K, reserved 1069056K
  class space    used 2568K, capacity 2607K, committed 2688K, reserved 1048576K
}
Event: 5.030 GC heap before
{Heap before GC invocations=6 (full 1):
 PSYoungGen      total 56320K, used 6930K [0x0000000781a00000, 0x0000000788a00000, 0x00000007c0000000)
  eden space 48640K, 0% used [0x0000000781a00000,0x0000000781a00000,0x0000000784980000)
  from space 7680K, 90% used [0x0000000784980000,0x0000000785044b78,0x0000000785100000)
  to   space 8704K, 0% used [0x0000000788180000,0x0000000788180000,0x0000000788a00000)
 ParOldGen       total 128512K, used 112K [0x0000000704e00000, 0x000000070cb80000, 0x0000000781a00000)
  object space 128512K, 0% used [0x0000000704e00000,0x0000000704e1c010,0x000000070cb80000)
 Metaspace       used 20903K, capacity 21136K, committed 21296K, reserved 1069056K
  class space    used 2568K, capacity 2607K, committed 2688K, reserved 1048576K
Event: 5.105 GC heap after
Heap after GC invocations=6 (full 1):
 PSYoungGen      total 56320K, used 0K [0x0000000781a00000, 0x0000000788a00000, 0x00000007c0000000)
  eden space 48640K, 0% used [0x0000000781a00000,0x0000000781a00000,0x0000000784980000)
  from space 7680K, 0% used [0x0000000784980000,0x0000000784980000,0x0000000785100000)
  to   space 8704K, 0% used [0x0000000788180000,0x0000000788180000,0x0000000788a00000)
 ParOldGen       total 83456K, used 6866K [0x0000000704e00000, 0x0000000709f80000, 0x0000000781a00000)
  object space 83456K, 8% used [0x0000000704e00000,0x00000007054b4bb0,0x0000000709f80000)
 Metaspace       used 20902K, capacity 21134K, committed 21296K, reserved 1069056K
  class space    used 2567K, capacity 2606K, committed 2688K, reserved 1048576K
}
Event: 5.734 GC heap before
{Heap before GC invocations=7 (full 1):
 PSYoungGen      total 56320K, used 48640K [0x0000000781a00000, 0x0000000788a00000, 0x00000007c0000000)
  eden space 48640K, 100% used [0x0000000781a00000,0x0000000784980000,0x0000000784980000)
  from space 7680K, 0% used [0x0000000784980000,0x0000000784980000,0x0000000785100000)
  to   space 8704K, 0% used [0x0000000788180000,0x0000000788180000,0x0000000788a00000)
 ParOldGen       total 83456K, used 6866K [0x0000000704e00000, 0x0000000709f80000, 0x0000000781a00000)
  object space 83456K, 8% used [0x0000000704e00000,0x00000007054b4bb0,0x0000000709f80000)
 Metaspace       used 21515K, capacity 21854K, committed 22192K, reserved 1069056K
  class space    used 2648K, capacity 2738K, committed 2816K, reserved 1048576K
Event: 5.741 GC heap after
Heap after GC invocations=7 (full 1):
 PSYoungGen      total 71168K, used 1519K [0x0000000781a00000, 0x0000000788300000, 0x00000007c0000000)
  eden space 69632K, 0% used [0x0000000781a00000,0x0000000781a00000,0x0000000785e00000)
  from space 1536K, 98% used [0x0000000788180000,0x00000007882fbc10,0x0000000788300000)
  to   space 9216K, 0% used [0x0000000787100000,0x0000000787100000,0x0000000787a00000)
 ParOldGen       total 83456K, used 6866K [0x0000000704e00000, 0x0000000709f80000, 0x0000000781a00000)
  object space 83456K, 8% used [0x0000000704e00000,0x00000007054b4bb0,0x0000000709f80000)
 Metaspace       used 21515K, capacity 21854K, committed 22192K, reserved 1069056K
  class space    used 2648K, capacity 2738K, committed 2816K, reserved 1048576K
}
Event: 6.776 GC heap before
{Heap before GC invocations=8 (full 1):
 PSYoungGen      total 71168K, used 71151K [0x0000000781a00000, 0x0000000788300000, 0x00000007c0000000)
  eden space 69632K, 100% used [0x0000000781a00000,0x0000000785e00000,0x0000000785e00000)
  from space 1536K, 98% used [0x0000000788180000,0x00000007882fbc10,0x0000000788300000)
  to   space 9216K, 0% used [0x0000000787100000,0x0000000787100000,0x0000000787a00000)
 ParOldGen       total 83456K, used 6866K [0x0000000704e00000, 0x0000000709f80000, 0x0000000781a00000)
  object space 83456K, 8% used [0x0000000704e00000,0x00000007054b4bb0,0x0000000709f80000)
 Metaspace       used 24463K, capacity 24848K, committed 24960K, reserved 1071104K
  class space    used 3037K, capacity 3129K, committed 3200K, reserved 1048576K
Event: 6.787 GC heap after
Heap after GC invocations=8 (full 1):
 PSYoungGen      total 78848K, used 4662K [0x0000000781a00000, 0x0000000788300000, 0x00000007c0000000)
  eden space 69632K, 0% used [0x0000000781a00000,0x0000000781a00000,0x0000000785e00000)
  from space 9216K, 50% used [0x0000000787100000,0x000000078758d9a0,0x0000000787a00000)
  to   space 1536K, 0% used [0x0000000788180000,0x0000000788180000,0x0000000788300000)
 ParOldGen       total 83456K, used 6874K [0x0000000704e00000, 0x0000000709f80000, 0x0000000781a00000)
  object space 83456K, 8% used [0x0000000704e00000,0x00000007054b6bb0,0x0000000709f80000)
 Metaspace       used 24463K, capacity 24848K, committed 24960K, reserved 1071104K
  class space    used 3037K, capacity 3129K, committed 3200K, reserved 1048576K
}
Event: 8.635 GC heap before
{Heap before GC invocations=9 (full 1):
 PSYoungGen      total 78848K, used 74294K [0x0000000781a00000, 0x0000000788300000, 0x00000007c0000000)
  eden space 69632K, 100% used [0x0000000781a00000,0x0000000785e00000,0x0000000785e00000)
  from space 9216K, 50% used [0x0000000787100000,0x000000078758d9a0,0x0000000787a00000)
  to   space 1536K, 0% used [0x0000000788180000,0x0000000788180000,0x0000000788300000)
 ParOldGen       total 83456K, used 6874K [0x0000000704e00000, 0x0000000709f80000, 0x0000000781a00000)
  object space 83456K, 8% used [0x0000000704e00000,0x00000007054b6bb0,0x0000000709f80000)
 Metaspace       used 28431K, capacity 28812K, committed 29056K, reserved 1075200K
  class space    used 3584K, capacity 3680K, committed 3712K, reserved 1048576K
Event: 8.646 GC heap after
Heap after GC invocations=9 (full 1):
 PSYoungGen      total 97792K, used 1536K [0x0000000781a00000, 0x0000000788c00000, 0x00000007c0000000)
  eden space 96256K, 0% used [0x0000000781a00000,0x0000000781a00000,0x0000000787800000)
  from space 1536K, 100% used [0x0000000788180000,0x0000000788300000,0x0000000788300000)
  to   space 9728K, 0% used [0x0000000787800000,0x0000000787800000,0x0000000788180000)
 ParOldGen       total 83456K, used 13185K [0x0000000704e00000, 0x0000000709f80000, 0x0000000781a00000)
  object space 83456K, 15% used [0x0000000704e00000,0x0000000705ae0638,0x0000000709f80000)
 Metaspace       used 28431K, capacity 28812K, committed 29056K, reserved 1075200K
  class space    used 3584K, capacity 3680K, committed 3712K, reserved 1048576K
}

