<?xml version="1.0" encoding="UTF-8"?>
<testsuite xmlns:xsi="http://www.w3.org/2001/XMLSchema-instance" xsi:noNamespaceSchemaLocation="https://maven.apache.org/surefire/maven-surefire-plugin/xsd/surefire-test-report.xsd" name="com.lhj.test.ConfigurationPropertiesTest" time="7.865" tests="2" errors="0" skipped="0" failures="0">
  <properties>
[...]
</properties>
  <testcase name="loggingTest" classname="com.lhj.test.ConfigurationPropertiesTest" time="0.593"/>
  <testcase name="getMainConfigurationProperties" classname="com.lhj.test.ConfigurationPropertiesTest" time="0"/>
</testsuite>